<?xml version="1.0" encoding="UTF-8"?>
<!-- Generated by org.testng.reporters.JUnitReportReporter -->
<testsuite hostname="LAPTOP-D65EV63U" failures="0" tests="1" name="dev.Allagi.testCases.TC_001" time="26.422" errors="0" timestamp="2022-02-18T00:37:19 EST" skipped="0">
  <testcase classname="dev.Allagi.testCases.TC_001" name="tc_001" time="26.422"/>
  <system-out/>
</testsuite> <!-- dev.Allagi.testCases.TC_001 -->
